[2023-05-28 21:41:39.837 +00:00] [INF] [4] Main: Jellyfin version: "10.8.10"
[2023-05-28 21:41:39.871 +00:00] [INF] [4] Main: Environment Variables: ["[JELLYFIN_CACHE_DIR, /cache]", "[JELLYFIN_LOG_DIR, /config/log]", "[JELLYFIN_CONFIG_DIR, /config/config]", "[JELLYFIN_DATA_DIR, /config]", "[DOTNET_SYSTEM_GLOBALIZATION_INVARIANT, 1]", "[JELLYFIN_WEB_DIR, /jellyfin/jellyfin-web]", "[JELLYFIN_FFMPEG, /usr/lib/jellyfin-ffmpeg/ffmpeg]"]
[2023-05-28 21:41:39.876 +00:00] [INF] [4] Main: Arguments: ["/jellyfin/jellyfin.dll"]
[2023-05-28 21:41:39.878 +00:00] [INF] [4] Main: Operating system: "Linux"
[2023-05-28 21:41:39.878 +00:00] [INF] [4] Main: Architecture: X64
[2023-05-28 21:41:39.880 +00:00] [INF] [4] Main: 64-Bit Process: True
[2023-05-28 21:41:39.880 +00:00] [INF] [4] Main: User Interactive: True
[2023-05-28 21:41:39.880 +00:00] [INF] [4] Main: Processor count: 2
[2023-05-28 21:41:39.880 +00:00] [INF] [4] Main: Program data path: "/config"
[2023-05-28 21:41:39.880 +00:00] [INF] [4] Main: Web resources path: "/jellyfin/jellyfin-web"
[2023-05-28 21:41:39.880 +00:00] [INF] [4] Main: Application directory: "/jellyfin/"
[2023-05-28 21:41:39.925 +00:00] [INF] [4] Jellyfin.Server.Migrations.MigrationRunner: Marking following migrations as applied because this is a fresh install: ["CreateNetworkConfiguration"]
[2023-05-28 21:41:40.024 +00:00] [INF] [4] Emby.Server.Implementations.AppBase.BaseConfigurationManager: Setting cache path: "/cache"
[2023-05-28 21:41:40.034 +00:00] [INF] [4] Emby.Server.Implementations.ApplicationHost: Loading assemblies
[2023-05-28 21:41:40.126 +00:00] [INF] [4] Jellyfin.Networking.Manager.NetworkManager: Defined LAN addresses : "[10.0.0.0/8,172.16.0.0/12,192.168.0.0/16]"
[2023-05-28 21:41:40.126 +00:00] [INF] [4] Jellyfin.Networking.Manager.NetworkManager: Defined LAN exclusions : "[]"
[2023-05-28 21:41:40.127 +00:00] [INF] [4] Jellyfin.Networking.Manager.NetworkManager: Using LAN addresses: "[10.0.0.0/8,172.16.0.0/12,192.168.0.0/16]"
[2023-05-28 21:41:40.139 +00:00] [INF] [4] Jellyfin.Networking.Manager.NetworkManager: Using bind addresses: "[]"
[2023-05-28 21:41:40.139 +00:00] [INF] [4] Jellyfin.Networking.Manager.NetworkManager: Using bind exclusions: "[]"
[2023-05-28 21:41:42.157 +00:00] [INF] [4] Jellyfin.Server.Implementations.JellyfinDbProvider: There are pending EFCore migrations in the database. Applying... (This may take a while, do not stop Jellyfin)
[2023-05-28 21:41:43.041 +00:00] [INF] [4] Jellyfin.Server.Implementations.JellyfinDbProvider: EFCore migrations applied successfully
[2023-05-28 21:41:43.693 +00:00] [INF] [4] Emby.Server.Implementations.AppBase.BaseConfigurationManager: Saving system configuration
[2023-05-28 21:41:43.697 +00:00] [INF] [4] Emby.Server.Implementations.AppBase.BaseConfigurationManager: Setting cache path: "/cache"
[2023-05-28 21:41:43.705 +00:00] [INF] [4] Emby.Server.Implementations.Plugins.PluginManager: Loaded plugin: "TMDb" "10.8.10.0"
[2023-05-28 21:41:43.707 +00:00] [INF] [4] Emby.Server.Implementations.Plugins.PluginManager: Loaded plugin: "Studio Images" "10.8.10.0"
[2023-05-28 21:41:43.708 +00:00] [INF] [4] Emby.Server.Implementations.Plugins.PluginManager: Loaded plugin: "OMDb" "10.8.10.0"
[2023-05-28 21:41:43.709 +00:00] [INF] [4] Emby.Server.Implementations.Plugins.PluginManager: Loaded plugin: "MusicBrainz" "10.8.10.0"
[2023-05-28 21:41:43.709 +00:00] [INF] [4] Emby.Server.Implementations.Plugins.PluginManager: Loaded plugin: "AudioDB" "10.8.10.0"
[2023-05-28 21:41:43.777 +00:00] [INF] [4] Jellyfin.Server.Migrations.MigrationRunner: Marking following migrations as applied because this is a fresh install: ["DisableTranscodingThrottling", "CreateLoggingConfigHeirarchy", "MigrateActivityLogDatabase", "RemoveDuplicateExtras", "MigrateUserDatabase", "MigrateDisplayPreferencesDatabase", "RemoveDownloadImagesInAdvance", "MigrateAuthenticationDatabase"]
[2023-05-28 21:41:43.778 +00:00] [INF] [4] Jellyfin.Server.Migrations.MigrationRunner: Applying migration '"AddDefaultPluginRepository"'
[2023-05-28 21:41:43.779 +00:00] [INF] [4] Emby.Server.Implementations.AppBase.BaseConfigurationManager: Saving system configuration
[2023-05-28 21:41:43.781 +00:00] [INF] [4] Emby.Server.Implementations.AppBase.BaseConfigurationManager: Setting cache path: "/cache"
[2023-05-28 21:41:43.781 +00:00] [INF] [4] Jellyfin.Server.Migrations.MigrationRunner: Migration '"AddDefaultPluginRepository"' applied successfully
[2023-05-28 21:41:43.794 +00:00] [INF] [4] Jellyfin.Server.Migrations.MigrationRunner: Applying migration '"ReaddDefaultPluginRepository"'
[2023-05-28 21:41:43.796 +00:00] [INF] [4] Jellyfin.Server.Migrations.MigrationRunner: Migration '"ReaddDefaultPluginRepository"' applied successfully
[2023-05-28 21:41:43.797 +00:00] [INF] [4] Jellyfin.Server.Migrations.MigrationRunner: Applying migration '"AddPeopleQueryIndex"'
[2023-05-28 21:41:43.798 +00:00] [INF] [4] Jellyfin.Server.Migrations.Routines.AddPeopleQueryIndex: Creating index idx_TypedBaseItemsUserDataKeyType
[2023-05-28 21:41:43.819 +00:00] [INF] [4] Jellyfin.Server.Migrations.Routines.AddPeopleQueryIndex: Creating index idx_PeopleNameListOrder
[2023-05-28 21:41:43.839 +00:00] [INF] [4] Jellyfin.Server.Migrations.MigrationRunner: Migration '"AddPeopleQueryIndex"' applied successfully
[2023-05-28 21:41:43.848 +00:00] [INF] [4] Main: Kestrel listening on "Any IP4 Address"
[2023-05-28 21:41:44.352 +00:00] [WRN] [4] Microsoft.AspNetCore.DataProtection.KeyManagement.XmlKeyManager: No XML encryptor configured. Key {703e4bd0-dd2d-491c-8200-4f7a68aa6be2} may be persisted to storage in unencrypted form.
[2023-05-28 21:41:44.406 +00:00] [INF] [4] Emby.Server.Implementations.ApplicationHost: Running startup tasks
[2023-05-28 21:41:44.453 +00:00] [INF] [4] Emby.Server.Implementations.ScheduledTasks.TaskManager: Daily trigger for "Extract Chapter Images" set to fire at 2023-05-29 02:00:00.000 +00:00, which is 04:18:15.5470073 from now.
[2023-05-28 21:41:44.960 +00:00] [INF] [4] MediaBrowser.MediaEncoding.Encoder.MediaEncoder: Found ffmpeg version "5.1.3"
[2023-05-28 21:41:45.064 +00:00] [INF] [4] MediaBrowser.MediaEncoding.Encoder.MediaEncoder: Available "decoders": ["libdav1d", "av1", "av1_cuvid", "av1_qsv", "h264", "h264_qsv", "h264_cuvid", "hevc", "hevc_qsv", "hevc_cuvid", "mpeg2video", "mpeg2_qsv", "mpeg2_cuvid", "mpeg4", "mpeg4_cuvid", "msmpeg4", "vc1_qsv", "vc1_cuvid", "vp8", "libvpx", "vp8_cuvid", "vp8_qsv", "vp9", "libvpx-vp9", "vp9_cuvid", "vp9_qsv", "aac", "ac3", "dca", "flac", "mp3", "truehd"]
[2023-05-28 21:41:45.127 +00:00] [INF] [4] MediaBrowser.MediaEncoding.Encoder.MediaEncoder: Available "encoders": ["libx264", "h264_amf", "h264_nvenc", "h264_qsv", "h264_v4l2m2m", "h264_vaapi", "libx265", "hevc_amf", "hevc_nvenc", "hevc_qsv", "hevc_vaapi", "mpeg4", "msmpeg4", "libvpx", "libvpx-vp9", "aac", "libfdk_aac", "ac3", "dca", "flac", "libmp3lame", "libopus", "truehd", "libvorbis", "srt"]
[2023-05-28 21:41:45.179 +00:00] [INF] [4] MediaBrowser.MediaEncoding.Encoder.MediaEncoder: Available filters: ["deinterlace_qsv", "deinterlace_vaapi", "hwupload_cuda", "hwupload_vaapi", "overlay_opencl", "overlay_qsv", "overlay_vaapi", "overlay_cuda", "procamp_vaapi", "scale_cuda", "scale_opencl", "scale_qsv", "scale_vaapi", "tonemap_cuda", "tonemap_opencl", "tonemap_vaapi", "vpp_qsv", "yadif_cuda", "zscale", "alphasrc"]
[2023-05-28 21:41:45.519 +00:00] [INF] [4] MediaBrowser.MediaEncoding.Encoder.MediaEncoder: Available hwaccel types: ["cuda", "vaapi", "qsv", "drm", "opencl", "vulkan"]
[2023-05-28 21:41:45.900 +00:00] [INF] [4] MediaBrowser.MediaEncoding.Encoder.MediaEncoder: FFmpeg: "/usr/lib/jellyfin-ffmpeg/ffmpeg"
[2023-05-28 21:41:45.910 +00:00] [INF] [4] Emby.Server.Implementations.ApplicationHost: ServerId: "8c08f9038d6d49eabb91b42469f8cec7"
[2023-05-28 21:41:46.311 +00:00] [INF] [12] Emby.Server.Implementations.ApplicationHost: Executed all pre-startup entry points in 0:00:00.3808159
[2023-05-28 21:41:46.311 +00:00] [INF] [12] Emby.Server.Implementations.ApplicationHost: Core startup complete
[2023-05-28 21:41:47.137 +00:00] [INF] [12] Emby.Server.Implementations.ApplicationHost: Executed all post-startup entry points in 0:00:00.8254012
[2023-05-28 21:41:47.143 +00:00] [INF] [12] Main: Startup complete 0:00:07.4970309
[2023-05-28 21:41:47.473 +00:00] [INF] [4] Emby.Server.Implementations.ScheduledTasks.TaskManager: "StartupTrigger" fired for task: "Update Plugins"
[2023-05-28 21:41:47.555 +00:00] [INF] [4] Emby.Server.Implementations.ScheduledTasks.TaskManager: Queuing task "PluginUpdateTask"
[2023-05-28 21:41:47.676 +00:00] [INF] [4] Emby.Server.Implementations.ScheduledTasks.TaskManager: Executing "Update Plugins"
[2023-05-28 21:41:48.381 +00:00] [WRN] [4] Jellyfin.Server.Middleware.ResponseTimeMiddleware: Slow HTTP Response from "https://jellyfin.tpco.duckdns.org/web/index.html" to "10.0.2.2" in 0:00:00.518072 with Status Code 200
[2023-05-28 21:41:50.252 +00:00] [WRN] [19] Jellyfin.Server.Middleware.ResponseTimeMiddleware: Slow HTTP Response from "https://jellyfin.tpco.duckdns.org/System/Info/Public" to "10.0.2.2" in 0:00:00.6896585 with Status Code 200
[2023-05-28 21:41:50.749 +00:00] [INF] [17] Emby.Server.Implementations.ScheduledTasks.TaskManager: "Update Plugins" Completed after 0 minute(s) and 3 seconds
[2023-05-28 21:41:50.773 +00:00] [INF] [17] Emby.Server.Implementations.ScheduledTasks.TaskManager: ExecuteQueuedTasks
[2023-05-28 21:42:09.937 +00:00] [WRN] [18] Microsoft.EntityFrameworkCore.Model.Validation: The entity type '"AccessSchedule"' is configured to use schema '"jellyfin"', but SQLite does not support schemas. This configuration will be ignored by the SQLite provider.
[2023-05-28 21:42:09.938 +00:00] [WRN] [18] Microsoft.EntityFrameworkCore.Model.Validation: The entity type '"ActivityLog"' is configured to use schema '"jellyfin"', but SQLite does not support schemas. This configuration will be ignored by the SQLite provider.
[2023-05-28 21:42:09.938 +00:00] [WRN] [18] Microsoft.EntityFrameworkCore.Model.Validation: The entity type '"CustomItemDisplayPreferences"' is configured to use schema '"jellyfin"', but SQLite does not support schemas. This configuration will be ignored by the SQLite provider.
[2023-05-28 21:42:09.938 +00:00] [WRN] [18] Microsoft.EntityFrameworkCore.Model.Validation: The entity type '"DisplayPreferences"' is configured to use schema '"jellyfin"', but SQLite does not support schemas. This configuration will be ignored by the SQLite provider.
[2023-05-28 21:42:09.938 +00:00] [WRN] [18] Microsoft.EntityFrameworkCore.Model.Validation: The entity type '"HomeSection"' is configured to use schema '"jellyfin"', but SQLite does not support schemas. This configuration will be ignored by the SQLite provider.
[2023-05-28 21:42:09.938 +00:00] [WRN] [18] Microsoft.EntityFrameworkCore.Model.Validation: The entity type '"ImageInfo"' is configured to use schema '"jellyfin"', but SQLite does not support schemas. This configuration will be ignored by the SQLite provider.
[2023-05-28 21:42:09.939 +00:00] [WRN] [18] Microsoft.EntityFrameworkCore.Model.Validation: The entity type '"ItemDisplayPreferences"' is configured to use schema '"jellyfin"', but SQLite does not support schemas. This configuration will be ignored by the SQLite provider.
[2023-05-28 21:42:09.939 +00:00] [WRN] [18] Microsoft.EntityFrameworkCore.Model.Validation: The entity type '"Permission"' is configured to use schema '"jellyfin"', but SQLite does not support schemas. This configuration will be ignored by the SQLite provider.
[2023-05-28 21:42:09.939 +00:00] [WRN] [18] Microsoft.EntityFrameworkCore.Model.Validation: The entity type '"Preference"' is configured to use schema '"jellyfin"', but SQLite does not support schemas. This configuration will be ignored by the SQLite provider.
[2023-05-28 21:42:09.939 +00:00] [WRN] [18] Microsoft.EntityFrameworkCore.Model.Validation: The entity type '"ApiKey"' is configured to use schema '"jellyfin"', but SQLite does not support schemas. This configuration will be ignored by the SQLite provider.
[2023-05-28 21:42:09.939 +00:00] [WRN] [18] Microsoft.EntityFrameworkCore.Model.Validation: The entity type '"Device"' is configured to use schema '"jellyfin"', but SQLite does not support schemas. This configuration will be ignored by the SQLite provider.
[2023-05-28 21:42:09.939 +00:00] [WRN] [18] Microsoft.EntityFrameworkCore.Model.Validation: The entity type '"DeviceOptions"' is configured to use schema '"jellyfin"', but SQLite does not support schemas. This configuration will be ignored by the SQLite provider.
[2023-05-28 21:42:09.939 +00:00] [WRN] [18] Microsoft.EntityFrameworkCore.Model.Validation: The entity type '"User"' is configured to use schema '"jellyfin"', but SQLite does not support schemas. This configuration will be ignored by the SQLite provider.
