[2023-05-28 15:20:42] local.DEBUG: Process Apps dispatched  
[2023-05-28 15:20:42] local.DEBUG: Process Apps dispatched  
[2023-05-28 15:21:03] local.DEBUG: Process Apps dispatched  
[2023-05-28 15:21:23] local.DEBUG: Process Apps dispatched  
[2023-05-28 15:24:16] local.DEBUG: Process Apps dispatched  
[2023-05-28 15:24:16] local.DEBUG: Process Apps dispatched  
[2023-05-28 15:24:19] local.DEBUG: Process Apps dispatched  
[2023-05-28 15:24:21] local.DEBUG: Process Apps dispatched  
[2023-05-28 15:24:22] local.DEBUG: Process Apps dispatched  
[2023-05-28 15:27:20] local.DEBUG: Process Apps dispatched  
[2023-05-28 15:27:49] local.DEBUG: Process Apps dispatched  
[2023-05-28 15:28:14] local.DEBUG: Process Apps dispatched  
[2023-05-28 15:28:14] local.DEBUG: Process Apps dispatched  
[2023-05-28 15:28:27] local.DEBUG: Process Apps dispatched  
[2023-05-28 15:28:30] local.DEBUG: Process Apps dispatched  
[2023-05-28 15:28:30] local.DEBUG: Process Apps dispatched  
[2023-05-28 15:30:28] local.DEBUG: Process Apps dispatched  
[2023-05-28 15:31:02] local.DEBUG: Process Apps dispatched  
[2023-05-28 15:31:04] local.DEBUG: Process Apps dispatched  
[2023-05-28 15:31:04] local.DEBUG: Process Apps dispatched  
[2023-05-28 15:31:06] local.DEBUG: Process Apps dispatched  
[2023-05-28 15:31:06] local.DEBUG: Process Apps dispatched  
[2023-05-28 15:31:12] local.DEBUG: Process Apps dispatched  
[2023-05-28 15:31:13] local.DEBUG: Process Apps dispatched  
[2023-05-28 15:32:13] local.DEBUG: Process Apps dispatched  
[2023-05-28 15:32:30] local.DEBUG: Process Apps dispatched  
[2023-05-28 15:32:53] local.DEBUG: Process Apps dispatched  
[2023-05-28 15:32:54] local.DEBUG: Process Apps dispatched  
[2023-05-28 15:35:15] local.DEBUG: Process Apps dispatched  
[2023-05-28 15:35:38] local.DEBUG: Process Apps dispatched  
[2023-05-28 15:37:00] local.DEBUG: Process Apps dispatched  
[2023-05-28 15:37:02] local.DEBUG: Process Apps dispatched  
[2023-05-28 15:37:06] local.DEBUG: Process Apps dispatched  
[2023-05-28 15:37:06] local.DEBUG: Process Apps dispatched  
[2023-05-28 15:41:43] local.DEBUG: Process Apps dispatched  
[2023-05-28 15:41:45] local.DEBUG: Process Apps dispatched  
[2023-05-28 15:41:45] local.DEBUG: Process Apps dispatched  
[2023-05-28 15:41:51] local.DEBUG: Process Apps dispatched  
[2023-05-28 15:41:51] local.DEBUG: Process Apps dispatched  
[2023-05-28 15:43:23] local.DEBUG: Process Apps dispatched  
[2023-05-28 15:44:14] local.DEBUG: Process Apps dispatched  
[2023-05-28 15:44:18] local.DEBUG: Process Apps dispatched  
[2023-05-28 15:44:18] local.DEBUG: Process Apps dispatched  
[2023-05-28 15:45:11] local.DEBUG: Process Apps dispatched  
[2023-05-28 15:45:13] local.DEBUG: Process Apps dispatched  
[2023-05-28 15:45:14] local.DEBUG: Process Apps dispatched  
[2023-05-28 15:45:16] local.DEBUG: Process Apps dispatched  
[2023-05-28 15:45:17] local.DEBUG: Process Apps dispatched  
[2023-05-28 15:45:56] local.DEBUG: Process Apps dispatched  
[2023-05-28 15:46:03] local.DEBUG: Process Apps dispatched  
[2023-05-28 15:46:04] local.DEBUG: Process Apps dispatched  
[2023-05-28 15:46:07] local.DEBUG: Process Apps dispatched  
[2023-05-28 15:46:07] local.DEBUG: Process Apps dispatched  
[2023-05-28 15:49:56] local.DEBUG: Process Apps dispatched  
[2023-05-28 15:50:30] local.DEBUG: Process Apps dispatched  
[2023-05-28 15:50:32] local.DEBUG: Process Apps dispatched  
[2023-05-28 15:50:33] local.DEBUG: Process Apps dispatched  
[2023-05-28 15:50:35] local.DEBUG: Process Apps dispatched  
[2023-05-28 15:50:35] local.DEBUG: Process Apps dispatched  
[2023-05-28 15:52:49] local.DEBUG: Process Apps dispatched  
[2023-05-28 15:53:38] local.DEBUG: Process Apps dispatched  
[2023-05-28 15:53:41] local.DEBUG: Process Apps dispatched  
[2023-05-28 15:53:41] local.DEBUG: Process Apps dispatched  
[2023-05-28 15:53:41] local.DEBUG: Process Apps dispatched  
[2023-05-28 15:53:43] local.DEBUG: Process Apps dispatched  
[2023-05-28 15:53:43] local.DEBUG: Process Apps dispatched  
[2023-05-28 15:53:44] local.DEBUG: Process Apps dispatched  
[2023-05-28 15:53:44] local.DEBUG: Process Apps dispatched  
[2023-05-28 15:54:05] local.DEBUG: Process Apps dispatched  
[2023-05-28 15:54:05] local.DEBUG: Process Apps dispatched  
[2023-05-28 15:54:10] local.DEBUG: Process Apps dispatched  
[2023-05-28 15:54:12] local.DEBUG: Process Apps dispatched  
[2023-05-28 15:58:41] local.DEBUG: Process Apps dispatched  
[2023-05-28 15:58:47] local.DEBUG: Process Apps dispatched  
[2023-05-28 15:58:50] local.DEBUG: Process Apps dispatched  
[2023-05-28 15:59:19] local.DEBUG: Process Apps dispatched  
[2023-05-28 16:00:19] local.DEBUG: Process Apps dispatched  
[2023-05-28 16:00:27] local.DEBUG: Process Apps dispatched  
[2023-05-28 16:00:31] local.DEBUG: Process Apps dispatched  
[2023-05-28 16:00:31] local.DEBUG: Process Apps dispatched  
[2023-05-28 16:00:34] local.DEBUG: Process Apps dispatched  
[2023-05-28 16:01:04] local.DEBUG: Process Apps dispatched  
[2023-05-28 16:01:35] local.DEBUG: Process Apps dispatched  
[2023-05-28 16:01:37] local.DEBUG: Process Apps dispatched  
[2023-05-28 16:01:38] local.DEBUG: Process Apps dispatched  
[2023-05-28 16:01:40] local.DEBUG: Process Apps dispatched  
[2023-05-28 16:02:22] local.DEBUG: Process Apps dispatched  
[2023-05-28 16:02:41] local.DEBUG: Process Apps dispatched  
[2023-05-28 16:04:06] local.DEBUG: Process Apps dispatched  
[2023-05-28 16:05:14] local.DEBUG: Process Apps dispatched  
[2023-05-28 16:05:14] local.DEBUG: Process Apps dispatched  
[2023-05-28 16:05:17] local.DEBUG: Process Apps dispatched  
[2023-05-28 16:05:18] local.DEBUG: Process Apps dispatched  
[2023-05-28 16:06:28] local.DEBUG: Process Apps dispatched  
[2023-05-28 16:06:29] local.DEBUG: Process Apps dispatched  
[2023-05-28 16:06:32] local.DEBUG: Process Apps dispatched  
[2023-05-28 16:06:33] local.DEBUG: Process Apps dispatched  
[2023-05-28 16:06:37] local.DEBUG: Process Apps dispatched  
[2023-05-28 16:06:38] local.DEBUG: Process Apps dispatched  
[2023-05-28 16:06:41] local.DEBUG: Process Apps dispatched  
[2023-05-28 16:06:42] local.DEBUG: Process Apps dispatched  
[2023-05-28 16:08:05] local.DEBUG: Process Apps dispatched  
[2023-05-28 16:08:10] local.DEBUG: Process Apps dispatched  
[2023-05-28 16:08:14] local.DEBUG: Process Apps dispatched  
[2023-05-28 16:08:42] local.DEBUG: Process Apps dispatched  
[2023-05-28 16:09:08] local.DEBUG: Process Apps dispatched  
[2023-05-28 16:09:44] local.DEBUG: Process Apps dispatched  
[2023-05-28 16:09:52] local.DEBUG: Process Apps dispatched  
[2023-05-28 16:10:48] local.DEBUG: Process Apps dispatched  
[2023-05-28 16:10:53] local.DEBUG: Process Apps dispatched  
[2023-05-28 16:16:58] local.DEBUG: Process Apps dispatched  
[2023-05-28 16:17:01] local.DEBUG: Process Apps dispatched  
[2023-05-28 16:17:05] local.DEBUG: Process Apps dispatched  
[2023-05-28 16:17:05] local.DEBUG: Process Apps dispatched  
[2023-05-28 16:17:05] local.DEBUG: Process Apps dispatched  
[2023-05-28 16:21:27] local.DEBUG: Process Apps dispatched  
[2023-05-28 16:21:28] local.DEBUG: Process Apps dispatched  
[2023-05-28 16:21:29] local.DEBUG: Process Apps dispatched  
[2023-05-28 16:21:30] local.DEBUG: Process Apps dispatched  
[2023-05-28 16:21:30] local.DEBUG: Process Apps dispatched  
[2023-05-28 16:22:04] local.DEBUG: Process Apps dispatched  
[2023-05-28 16:22:04] local.DEBUG: Process Apps dispatched  
[2023-05-28 16:22:07] local.DEBUG: Process Apps dispatched  
[2023-05-28 16:22:07] local.DEBUG: Process Apps dispatched  
[2023-05-28 16:22:08] local.DEBUG: Process Apps dispatched  
[2023-05-28 16:22:08] local.DEBUG: Process Apps dispatched  
[2023-05-28 16:25:53] local.DEBUG: Process Apps dispatched  
[2023-05-28 16:34:43] local.DEBUG: Process Apps dispatched  
[2023-05-28 16:34:47] local.DEBUG: Process Apps dispatched  
[2023-05-28 16:34:48] local.DEBUG: Process Apps dispatched  
[2023-05-28 16:34:57] local.DEBUG: Process Apps dispatched  
[2023-05-28 16:35:08] local.DEBUG: Process Apps dispatched  
[2023-05-28 16:35:16] local.DEBUG: Process Apps dispatched  
[2023-05-28 16:36:13] local.DEBUG: Process Apps dispatched  
[2023-05-28 16:39:34] local.DEBUG: Process Apps dispatched  
[2023-05-28 16:41:28] local.DEBUG: Process Apps dispatched  
[2023-05-28 16:42:13] local.DEBUG: Process Apps dispatched  
[2023-05-28 16:43:28] local.DEBUG: Process Apps dispatched  
[2023-05-28 16:43:41] local.DEBUG: Process Apps dispatched  
[2023-05-28 16:43:48] local.DEBUG: Process Apps dispatched  
[2023-05-28 16:43:57] local.DEBUG: Process Apps dispatched  
[2023-05-28 16:44:01] local.DEBUG: Process Apps dispatched  
[2023-05-28 16:44:49] local.DEBUG: Process Apps dispatched  
[2023-05-28 16:44:59] local.DEBUG: Process Apps dispatched  
[2023-05-28 17:52:14] local.DEBUG: Process Apps dispatched  
[2023-05-28 17:56:24] local.DEBUG: Process Apps dispatched  
[2023-05-28 18:02:35] local.DEBUG: Process Apps dispatched  
[2023-05-28 18:02:43] local.DEBUG: Process Apps dispatched  
[2023-05-28 18:02:47] local.DEBUG: Process Apps dispatched  
[2023-05-28 18:02:50] local.DEBUG: Process Apps dispatched  
[2023-05-28 18:02:55] local.DEBUG: Process Apps dispatched  
[2023-05-28 18:02:55] local.DEBUG: Process Apps dispatched  
[2023-05-28 18:08:30] local.DEBUG: Process Apps dispatched  
[2023-05-28 18:13:36] local.DEBUG: Process Apps dispatched  
[2023-05-28 18:13:50] local.DEBUG: Process Apps dispatched  
[2023-05-28 18:13:55] local.DEBUG: Process Apps dispatched  
[2023-05-28 18:13:56] local.DEBUG: Process Apps dispatched  
[2023-05-28 18:15:05] local.DEBUG: Process Apps dispatched  
[2023-05-28 18:22:39] local.DEBUG: Process Apps dispatched  
[2023-05-28 18:22:47] local.DEBUG: Process Apps dispatched  
[2023-05-28 18:23:07] local.DEBUG: Process Apps dispatched  
[2023-05-28 18:23:10] local.DEBUG: Process Apps dispatched  
[2023-05-28 18:23:15] local.DEBUG: Process Apps dispatched  
[2023-05-28 18:23:39] local.DEBUG: Process Apps dispatched  
[2023-05-28 18:23:40] local.DEBUG: Process Apps dispatched  
[2023-05-28 18:23:46] local.DEBUG: Process Apps dispatched  
[2023-05-28 18:23:49] local.DEBUG: Process Apps dispatched  
[2023-05-28 18:23:52] local.DEBUG: Process Apps dispatched  
[2023-05-28 18:23:54] local.DEBUG: Process Apps dispatched  
[2023-05-28 18:24:01] local.DEBUG: Process Apps dispatched  
[2023-05-28 18:24:10] local.DEBUG: Process Apps dispatched  
[2023-05-28 18:26:08] local.DEBUG: Process Apps dispatched  
[2023-05-28 18:26:11] local.DEBUG: Process Apps dispatched  
[2023-05-28 18:26:57] local.DEBUG: Process Apps dispatched  
[2023-05-28 18:27:02] local.DEBUG: Process Apps dispatched  
[2023-05-28 18:27:03] local.DEBUG: Process Apps dispatched  
[2023-05-28 18:27:04] local.DEBUG: Process Apps dispatched  
[2023-05-28 18:27:05] local.DEBUG: Process Apps dispatched  
[2023-05-28 18:27:12] local.DEBUG: Process Apps dispatched  
[2023-05-28 18:27:16] local.DEBUG: Process Apps dispatched  
[2023-05-28 18:27:21] local.DEBUG: Process Apps dispatched  
[2023-05-28 18:27:22] local.DEBUG: Process Apps dispatched  
[2023-05-28 18:27:43] local.DEBUG: Process Apps dispatched  
[2023-05-28 18:27:46] local.DEBUG: Process Apps dispatched  
[2023-05-28 18:27:49] local.DEBUG: Process Apps dispatched  
[2023-05-28 18:28:09] local.DEBUG: Process Apps dispatched  
[2023-05-28 18:28:14] local.DEBUG: Process Apps dispatched  
[2023-05-28 18:28:16] local.DEBUG: Process Apps dispatched  
[2023-05-28 18:28:24] local.DEBUG: Process Apps dispatched  
[2023-05-28 18:28:24] local.DEBUG: Process Apps dispatched  
[2023-05-28 18:28:25] local.DEBUG: Process Apps dispatched  
[2023-05-28 18:28:25] local.DEBUG: Process Apps dispatched  
[2023-05-28 18:28:26] local.DEBUG: Process Apps dispatched  
[2023-05-28 18:28:31] local.DEBUG: Process Apps dispatched  
[2023-05-28 18:28:32] local.DEBUG: Process Apps dispatched  
[2023-05-28 18:28:35] local.DEBUG: Process Apps dispatched  
[2023-05-28 18:28:36] local.DEBUG: Process Apps dispatched  
[2023-05-28 18:28:37] local.DEBUG: Process Apps dispatched  
[2023-05-28 18:28:42] local.DEBUG: Process Apps dispatched  
[2023-05-28 18:28:43] local.DEBUG: Process Apps dispatched  
[2023-05-28 18:28:44] local.DEBUG: Process Apps dispatched  
[2023-05-28 18:28:46] local.DEBUG: Process Apps dispatched  
[2023-05-28 18:28:47] local.DEBUG: Process Apps dispatched  
[2023-05-28 18:28:50] local.DEBUG: Process Apps dispatched  
[2023-05-28 18:28:53] local.DEBUG: Process Apps dispatched  
[2023-05-28 18:28:54] local.DEBUG: Process Apps dispatched  
[2023-05-28 18:29:04] local.DEBUG: Process Apps dispatched  
[2023-05-28 18:29:07] local.DEBUG: Process Apps dispatched  
[2023-05-28 18:29:12] local.DEBUG: Process Apps dispatched  
[2023-05-28 18:29:20] local.DEBUG: Process Apps dispatched  
[2023-05-28 18:29:21] local.DEBUG: Process Apps dispatched  
[2023-05-28 18:29:22] local.DEBUG: Process Apps dispatched  
[2023-05-28 18:29:23] local.DEBUG: Process Apps dispatched  
[2023-05-28 18:29:23] local.DEBUG: Process Apps dispatched  
[2023-05-28 18:29:24] local.DEBUG: Process Apps dispatched  
[2023-05-28 18:29:33] local.DEBUG: Process Apps dispatched  
[2023-05-28 18:29:33] local.DEBUG: Process Apps dispatched  
[2023-05-28 18:29:36] local.DEBUG: Process Apps dispatched  
[2023-05-28 18:29:43] local.DEBUG: Process Apps dispatched  
[2023-05-28 18:45:04] local.DEBUG: Process Apps dispatched  
[2023-05-28 18:47:06] local.DEBUG: Process Apps dispatched  
[2023-05-28 18:54:25] local.DEBUG: Process Apps dispatched  
[2023-05-28 18:58:02] local.DEBUG: Process Apps dispatched  
[2023-05-28 19:05:03] local.DEBUG: Process Apps dispatched  
[2023-05-28 19:05:11] local.DEBUG: Process Apps dispatched  
[2023-05-28 19:05:13] local.DEBUG: Process Apps dispatched  
[2023-05-28 19:10:05] local.DEBUG: Process Apps dispatched  
[2023-05-28 19:10:09] local.DEBUG: Process Apps dispatched  
[2023-05-28 19:10:18] local.DEBUG: Process Apps dispatched  
[2023-05-28 19:10:20] local.DEBUG: Process Apps dispatched  
[2023-05-28 19:10:26] local.DEBUG: Process Apps dispatched  
[2023-05-28 19:10:28] local.DEBUG: Process Apps dispatched  
[2023-05-28 19:10:35] local.DEBUG: Process Apps dispatched  
[2023-05-28 19:10:37] local.DEBUG: Process Apps dispatched  
[2023-05-28 19:10:39] local.DEBUG: Process Apps dispatched  
[2023-05-28 19:10:42] local.DEBUG: Process Apps dispatched  
[2023-05-28 19:16:02] local.DEBUG: Process Apps dispatched  
[2023-05-28 19:16:03] local.DEBUG: Process Apps dispatched  
[2023-05-28 19:16:03] local.DEBUG: Process Apps dispatched  
[2023-05-28 20:28:54] local.DEBUG: Process Apps dispatched  
[2023-05-28 20:29:03] local.DEBUG: Process Apps dispatched  
[2023-05-28 20:29:51] local.DEBUG: Process Apps dispatched  
[2023-05-28 20:34:41] local.DEBUG: Process Apps dispatched  
[2023-05-28 20:39:01] local.DEBUG: Process Apps dispatched  
[2023-05-28 20:43:09] local.DEBUG: Process Apps dispatched  
[2023-05-28 20:43:11] local.DEBUG: Process Apps dispatched  
[2023-05-28 20:43:18] local.DEBUG: Process Apps dispatched  
[2023-05-28 20:43:18] local.DEBUG: Process Apps dispatched  
[2023-05-28 20:43:21] local.DEBUG: Process Apps dispatched  
[2023-05-28 20:43:24] local.DEBUG: Process Apps dispatched  
[2023-05-28 20:43:29] local.DEBUG: Process Apps dispatched  
[2023-05-28 20:43:29] local.DEBUG: Get app triggered for: 6a8263e6e3ad594a12e111f0f952e4cc57fe5077  
[2023-05-28 20:43:29] local.DEBUG: Download triggered for stdClass Object
(
    [appid] => 6a8263e6e3ad594a12e111f0f952e4cc57fe5077
    [name] => phpLDAPadmin
    [website] => http://phpldapadmin.sourceforge.net/wiki/index.php/Main_Page
    [license] => GNU General Public License v2.0 or later
    [description] => phpLDAPadmin (also known as PLA) is a web-based LDAP client. It provides easy, anywhere-accessible, multi-language administration for your LDAP server.

Its hierarchical tree-viewer and advanced search functionality make it intuitive to browse and administer your LDAP directory. Since it is a web application, this LDAP browser works on many platforms, making your LDAP server easily manageable from any location.

phpLDAPadmin is the perfect LDAP browser for the LDAP professional and novice alike. Its user base consists mostly of LDAP administration professionals.
    [enhanced] => 
    [tile_background] => light
    [icon] => phpldapadmin.png
    [sha] => 5e28cc6266faa6dec9d56fa54469becf811cfca8
    [class] => \App\SupportedApps\phpLDAPadmin\phpLDAPadmin
)
  
[2023-05-28 20:43:51] local.DEBUG: Get app triggered for: f2baa52d02ca888455ce47823f47bf372d5eecb3  
[2023-05-28 20:43:51] local.DEBUG: Download triggered for stdClass Object
(
    [appid] => f2baa52d02ca888455ce47823f47bf372d5eecb3
    [name] => Nextcloud
    [website] => https://nextcloud.com
    [license] => GNU Affero General Public License v3.0 only
    [description] => Nextcloud is an open source, self-hosted file share and communication platform. Access and sync your files, contacts, calendars and communicate and collaborate across your devices.
    [enhanced] => 1
    [tile_background] => light
    [icon] => nextcloud.svg
    [config] => stdClass Object
        (
            [type] => basic_auth
            [additional_headers] => stdClass Object
                (
                    [OCS-APIRequest] => true
                )

            [stat1] => stdClass Object
                (
                    [name] => Total
                    [url] => :url:ocs/v1.php/cloud/users/:username:?format=json
                    [key] => ocs.data.quota.total
                    [filter] => size
                    [updateOnChange] => No
                    [suffix] => 
                )

            [stat2] => stdClass Object
                (
                    [name] => Used
                    [url] => :url:ocs/v1.php/cloud/users/:username:?format=json
                    [key] => ocs.data.quota.used
                    [filter] => size
                    [updateOnChange] => No
                    [suffix] => 
                )

        )

    [sha] => 154ab558feaa115ad0f510e6cf68466566a890de
    [class] => \App\SupportedApps\Nextcloud\Nextcloud
)
  
[2023-05-28 20:43:54] local.ERROR: Attempt to read property "password" on null {"exception":"[object] (ErrorException(code: 0): Attempt to read property \"password\" on null at /app/www/app/Http/Controllers/ItemController.php:252)
[stacktrace]
#0 /app/www/app/Http/Controllers/ItemController.php(252): Illuminate\\Foundation\\Bootstrap\\HandleExceptions->handleError()
#1 /app/www/app/Http/Controllers/ItemController.php(320): App\\Http\\Controllers\\ItemController::storelogic()
#2 /app/www/vendor/laravel/framework/src/Illuminate/Routing/Controller.php(54): App\\Http\\Controllers\\ItemController->update()
#3 /app/www/vendor/laravel/framework/src/Illuminate/Routing/ControllerDispatcher.php(45): Illuminate\\Routing\\Controller->callAction()
#4 /app/www/vendor/laravel/framework/src/Illuminate/Routing/Route.php(262): Illuminate\\Routing\\ControllerDispatcher->dispatch()
#5 /app/www/vendor/laravel/framework/src/Illuminate/Routing/Route.php(205): Illuminate\\Routing\\Route->runController()
#6 /app/www/vendor/laravel/framework/src/Illuminate/Routing/Router.php(721): Illuminate\\Routing\\Route->run()
#7 /app/www/vendor/laravel/framework/src/Illuminate/Pipeline/Pipeline.php(128): Illuminate\\Routing\\Router->Illuminate\\Routing\\{closure}()
#8 /app/www/app/Http/Middleware/CheckAllowed.php(44): Illuminate\\Pipeline\\Pipeline->Illuminate\\Pipeline\\{closure}()
#9 /app/www/vendor/laravel/framework/src/Illuminate/Pipeline/Pipeline.php(167): App\\Http\\Middleware\\CheckAllowed->handle()
#10 /app/www/app/Http/Controllers/Controller.php(22): Illuminate\\Pipeline\\Pipeline->Illuminate\\Pipeline\\{closure}()
#11 /app/www/vendor/laravel/framework/src/Illuminate/Pipeline/Pipeline.php(149): App\\Http\\Controllers\\Controller->App\\Http\\Controllers\\{closure}()
#12 /app/www/vendor/laravel/framework/src/Illuminate/Routing/Middleware/SubstituteBindings.php(50): Illuminate\\Pipeline\\Pipeline->Illuminate\\Pipeline\\{closure}()
#13 /app/www/vendor/laravel/framework/src/Illuminate/Pipeline/Pipeline.php(167): Illuminate\\Routing\\Middleware\\SubstituteBindings->handle()
#14 /app/www/vendor/laravel/framework/src/Illuminate/Foundation/Http/Middleware/VerifyCsrfToken.php(78): Illuminate\\Pipeline\\Pipeline->Illuminate\\Pipeline\\{closure}()
#15 /app/www/vendor/laravel/framework/src/Illuminate/Pipeline/Pipeline.php(167): Illuminate\\Foundation\\Http\\Middleware\\VerifyCsrfToken->handle()
#16 /app/www/vendor/laravel/framework/src/Illuminate/View/Middleware/ShareErrorsFromSession.php(49): Illuminate\\Pipeline\\Pipeline->Illuminate\\Pipeline\\{closure}()
#17 /app/www/vendor/laravel/framework/src/Illuminate/Pipeline/Pipeline.php(167): Illuminate\\View\\Middleware\\ShareErrorsFromSession->handle()
#18 /app/www/vendor/laravel/framework/src/Illuminate/Session/Middleware/StartSession.php(121): Illuminate\\Pipeline\\Pipeline->Illuminate\\Pipeline\\{closure}()
#19 /app/www/vendor/laravel/framework/src/Illuminate/Session/Middleware/StartSession.php(64): Illuminate\\Session\\Middleware\\StartSession->handleStatefulRequest()
#20 /app/www/vendor/laravel/framework/src/Illuminate/Pipeline/Pipeline.php(167): Illuminate\\Session\\Middleware\\StartSession->handle()
#21 /app/www/vendor/laravel/framework/src/Illuminate/Cookie/Middleware/AddQueuedCookiesToResponse.php(37): Illuminate\\Pipeline\\Pipeline->Illuminate\\Pipeline\\{closure}()
#22 /app/www/vendor/laravel/framework/src/Illuminate/Pipeline/Pipeline.php(167): Illuminate\\Cookie\\Middleware\\AddQueuedCookiesToResponse->handle()
#23 /app/www/vendor/laravel/framework/src/Illuminate/Cookie/Middleware/EncryptCookies.php(67): Illuminate\\Pipeline\\Pipeline->Illuminate\\Pipeline\\{closure}()
#24 /app/www/vendor/laravel/framework/src/Illuminate/Pipeline/Pipeline.php(167): Illuminate\\Cookie\\Middleware\\EncryptCookies->handle()
#25 /app/www/vendor/laravel/framework/src/Illuminate/Pipeline/Pipeline.php(103): Illuminate\\Pipeline\\Pipeline->Illuminate\\Pipeline\\{closure}()
#26 /app/www/vendor/laravel/framework/src/Illuminate/Routing/Router.php(723): Illuminate\\Pipeline\\Pipeline->then()
#27 /app/www/vendor/laravel/framework/src/Illuminate/Routing/Router.php(698): Illuminate\\Routing\\Router->runRouteWithinStack()
#28 /app/www/vendor/laravel/framework/src/Illuminate/Routing/Router.php(662): Illuminate\\Routing\\Router->runRoute()
#29 /app/www/vendor/laravel/framework/src/Illuminate/Routing/Router.php(651): Illuminate\\Routing\\Router->dispatchToRoute()
#30 /app/www/vendor/laravel/framework/src/Illuminate/Foundation/Http/Kernel.php(167): Illuminate\\Routing\\Router->dispatch()
#31 /app/www/vendor/laravel/framework/src/Illuminate/Pipeline/Pipeline.php(128): Illuminate\\Foundation\\Http\\Kernel->Illuminate\\Foundation\\Http\\{closure}()
#32 /app/www/vendor/fideloper/proxy/src/TrustProxies.php(57): Illuminate\\Pipeline\\Pipeline->Illuminate\\Pipeline\\{closure}()
#33 /app/www/vendor/laravel/framework/src/Illuminate/Pipeline/Pipeline.php(167): Fideloper\\Proxy\\TrustProxies->handle()
#34 /app/www/vendor/laravel/framework/src/Illuminate/Foundation/Http/Middleware/TransformsRequest.php(21): Illuminate\\Pipeline\\Pipeline->Illuminate\\Pipeline\\{closure}()
#35 /app/www/vendor/laravel/framework/src/Illuminate/Foundation/Http/Middleware/ConvertEmptyStringsToNull.php(31): Illuminate\\Foundation\\Http\\Middleware\\TransformsRequest->handle()
#36 /app/www/vendor/laravel/framework/src/Illuminate/Pipeline/Pipeline.php(167): Illuminate\\Foundation\\Http\\Middleware\\ConvertEmptyStringsToNull->handle()
#37 /app/www/vendor/laravel/framework/src/Illuminate/Foundation/Http/Middleware/TransformsRequest.php(21): Illuminate\\Pipeline\\Pipeline->Illuminate\\Pipeline\\{closure}()
#38 /app/www/vendor/laravel/framework/src/Illuminate/Foundation/Http/Middleware/TrimStrings.php(40): Illuminate\\Foundation\\Http\\Middleware\\TransformsRequest->handle()
#39 /app/www/vendor/laravel/framework/src/Illuminate/Pipeline/Pipeline.php(167): Illuminate\\Foundation\\Http\\Middleware\\TrimStrings->handle()
#40 /app/www/vendor/laravel/framework/src/Illuminate/Foundation/Http/Middleware/ValidatePostSize.php(27): Illuminate\\Pipeline\\Pipeline->Illuminate\\Pipeline\\{closure}()
#41 /app/www/vendor/laravel/framework/src/Illuminate/Pipeline/Pipeline.php(167): Illuminate\\Foundation\\Http\\Middleware\\ValidatePostSize->handle()
#42 /app/www/vendor/laravel/framework/src/Illuminate/Foundation/Http/Middleware/PreventRequestsDuringMaintenance.php(86): Illuminate\\Pipeline\\Pipeline->Illuminate\\Pipeline\\{closure}()
#43 /app/www/vendor/laravel/framework/src/Illuminate/Pipeline/Pipeline.php(167): Illuminate\\Foundation\\Http\\Middleware\\PreventRequestsDuringMaintenance->handle()
#44 /app/www/vendor/laravel/framework/src/Illuminate/Pipeline/Pipeline.php(103): Illuminate\\Pipeline\\Pipeline->Illuminate\\Pipeline\\{closure}()
#45 /app/www/vendor/laravel/framework/src/Illuminate/Foundation/Http/Kernel.php(142): Illuminate\\Pipeline\\Pipeline->then()
#46 /app/www/vendor/laravel/framework/src/Illuminate/Foundation/Http/Kernel.php(111): Illuminate\\Foundation\\Http\\Kernel->sendRequestThroughRouter()
#47 /app/www/public/index.php(55): Illuminate\\Foundation\\Http\\Kernel->handle()
#48 {main}
"} 
[2023-05-28 20:44:12] local.DEBUG: Get app triggered for: f2baa52d02ca888455ce47823f47bf372d5eecb3  
[2023-05-28 20:44:15] local.ERROR: Attempt to read property "password" on null {"exception":"[object] (ErrorException(code: 0): Attempt to read property \"password\" on null at /app/www/app/Http/Controllers/ItemController.php:252)
[stacktrace]
#0 /app/www/app/Http/Controllers/ItemController.php(252): Illuminate\\Foundation\\Bootstrap\\HandleExceptions->handleError()
#1 /app/www/app/Http/Controllers/ItemController.php(320): App\\Http\\Controllers\\ItemController::storelogic()
#2 /app/www/vendor/laravel/framework/src/Illuminate/Routing/Controller.php(54): App\\Http\\Controllers\\ItemController->update()
#3 /app/www/vendor/laravel/framework/src/Illuminate/Routing/ControllerDispatcher.php(45): Illuminate\\Routing\\Controller->callAction()
#4 /app/www/vendor/laravel/framework/src/Illuminate/Routing/Route.php(262): Illuminate\\Routing\\ControllerDispatcher->dispatch()
#5 /app/www/vendor/laravel/framework/src/Illuminate/Routing/Route.php(205): Illuminate\\Routing\\Route->runController()
#6 /app/www/vendor/laravel/framework/src/Illuminate/Routing/Router.php(721): Illuminate\\Routing\\Route->run()
#7 /app/www/vendor/laravel/framework/src/Illuminate/Pipeline/Pipeline.php(128): Illuminate\\Routing\\Router->Illuminate\\Routing\\{closure}()
#8 /app/www/app/Http/Middleware/CheckAllowed.php(44): Illuminate\\Pipeline\\Pipeline->Illuminate\\Pipeline\\{closure}()
#9 /app/www/vendor/laravel/framework/src/Illuminate/Pipeline/Pipeline.php(167): App\\Http\\Middleware\\CheckAllowed->handle()
#10 /app/www/app/Http/Controllers/Controller.php(22): Illuminate\\Pipeline\\Pipeline->Illuminate\\Pipeline\\{closure}()
#11 /app/www/vendor/laravel/framework/src/Illuminate/Pipeline/Pipeline.php(149): App\\Http\\Controllers\\Controller->App\\Http\\Controllers\\{closure}()
#12 /app/www/vendor/laravel/framework/src/Illuminate/Routing/Middleware/SubstituteBindings.php(50): Illuminate\\Pipeline\\Pipeline->Illuminate\\Pipeline\\{closure}()
#13 /app/www/vendor/laravel/framework/src/Illuminate/Pipeline/Pipeline.php(167): Illuminate\\Routing\\Middleware\\SubstituteBindings->handle()
#14 /app/www/vendor/laravel/framework/src/Illuminate/Foundation/Http/Middleware/VerifyCsrfToken.php(78): Illuminate\\Pipeline\\Pipeline->Illuminate\\Pipeline\\{closure}()
#15 /app/www/vendor/laravel/framework/src/Illuminate/Pipeline/Pipeline.php(167): Illuminate\\Foundation\\Http\\Middleware\\VerifyCsrfToken->handle()
#16 /app/www/vendor/laravel/framework/src/Illuminate/View/Middleware/ShareErrorsFromSession.php(49): Illuminate\\Pipeline\\Pipeline->Illuminate\\Pipeline\\{closure}()
#17 /app/www/vendor/laravel/framework/src/Illuminate/Pipeline/Pipeline.php(167): Illuminate\\View\\Middleware\\ShareErrorsFromSession->handle()
#18 /app/www/vendor/laravel/framework/src/Illuminate/Session/Middleware/StartSession.php(121): Illuminate\\Pipeline\\Pipeline->Illuminate\\Pipeline\\{closure}()
#19 /app/www/vendor/laravel/framework/src/Illuminate/Session/Middleware/StartSession.php(64): Illuminate\\Session\\Middleware\\StartSession->handleStatefulRequest()
#20 /app/www/vendor/laravel/framework/src/Illuminate/Pipeline/Pipeline.php(167): Illuminate\\Session\\Middleware\\StartSession->handle()
#21 /app/www/vendor/laravel/framework/src/Illuminate/Cookie/Middleware/AddQueuedCookiesToResponse.php(37): Illuminate\\Pipeline\\Pipeline->Illuminate\\Pipeline\\{closure}()
#22 /app/www/vendor/laravel/framework/src/Illuminate/Pipeline/Pipeline.php(167): Illuminate\\Cookie\\Middleware\\AddQueuedCookiesToResponse->handle()
#23 /app/www/vendor/laravel/framework/src/Illuminate/Cookie/Middleware/EncryptCookies.php(67): Illuminate\\Pipeline\\Pipeline->Illuminate\\Pipeline\\{closure}()
#24 /app/www/vendor/laravel/framework/src/Illuminate/Pipeline/Pipeline.php(167): Illuminate\\Cookie\\Middleware\\EncryptCookies->handle()
#25 /app/www/vendor/laravel/framework/src/Illuminate/Pipeline/Pipeline.php(103): Illuminate\\Pipeline\\Pipeline->Illuminate\\Pipeline\\{closure}()
#26 /app/www/vendor/laravel/framework/src/Illuminate/Routing/Router.php(723): Illuminate\\Pipeline\\Pipeline->then()
#27 /app/www/vendor/laravel/framework/src/Illuminate/Routing/Router.php(698): Illuminate\\Routing\\Router->runRouteWithinStack()
#28 /app/www/vendor/laravel/framework/src/Illuminate/Routing/Router.php(662): Illuminate\\Routing\\Router->runRoute()
#29 /app/www/vendor/laravel/framework/src/Illuminate/Routing/Router.php(651): Illuminate\\Routing\\Router->dispatchToRoute()
#30 /app/www/vendor/laravel/framework/src/Illuminate/Foundation/Http/Kernel.php(167): Illuminate\\Routing\\Router->dispatch()
#31 /app/www/vendor/laravel/framework/src/Illuminate/Pipeline/Pipeline.php(128): Illuminate\\Foundation\\Http\\Kernel->Illuminate\\Foundation\\Http\\{closure}()
#32 /app/www/vendor/fideloper/proxy/src/TrustProxies.php(57): Illuminate\\Pipeline\\Pipeline->Illuminate\\Pipeline\\{closure}()
#33 /app/www/vendor/laravel/framework/src/Illuminate/Pipeline/Pipeline.php(167): Fideloper\\Proxy\\TrustProxies->handle()
#34 /app/www/vendor/laravel/framework/src/Illuminate/Foundation/Http/Middleware/TransformsRequest.php(21): Illuminate\\Pipeline\\Pipeline->Illuminate\\Pipeline\\{closure}()
#35 /app/www/vendor/laravel/framework/src/Illuminate/Foundation/Http/Middleware/ConvertEmptyStringsToNull.php(31): Illuminate\\Foundation\\Http\\Middleware\\TransformsRequest->handle()
#36 /app/www/vendor/laravel/framework/src/Illuminate/Pipeline/Pipeline.php(167): Illuminate\\Foundation\\Http\\Middleware\\ConvertEmptyStringsToNull->handle()
#37 /app/www/vendor/laravel/framework/src/Illuminate/Foundation/Http/Middleware/TransformsRequest.php(21): Illuminate\\Pipeline\\Pipeline->Illuminate\\Pipeline\\{closure}()
#38 /app/www/vendor/laravel/framework/src/Illuminate/Foundation/Http/Middleware/TrimStrings.php(40): Illuminate\\Foundation\\Http\\Middleware\\TransformsRequest->handle()
#39 /app/www/vendor/laravel/framework/src/Illuminate/Pipeline/Pipeline.php(167): Illuminate\\Foundation\\Http\\Middleware\\TrimStrings->handle()
#40 /app/www/vendor/laravel/framework/src/Illuminate/Foundation/Http/Middleware/ValidatePostSize.php(27): Illuminate\\Pipeline\\Pipeline->Illuminate\\Pipeline\\{closure}()
#41 /app/www/vendor/laravel/framework/src/Illuminate/Pipeline/Pipeline.php(167): Illuminate\\Foundation\\Http\\Middleware\\ValidatePostSize->handle()
#42 /app/www/vendor/laravel/framework/src/Illuminate/Foundation/Http/Middleware/PreventRequestsDuringMaintenance.php(86): Illuminate\\Pipeline\\Pipeline->Illuminate\\Pipeline\\{closure}()
#43 /app/www/vendor/laravel/framework/src/Illuminate/Pipeline/Pipeline.php(167): Illuminate\\Foundation\\Http\\Middleware\\PreventRequestsDuringMaintenance->handle()
#44 /app/www/vendor/laravel/framework/src/Illuminate/Pipeline/Pipeline.php(103): Illuminate\\Pipeline\\Pipeline->Illuminate\\Pipeline\\{closure}()
#45 /app/www/vendor/laravel/framework/src/Illuminate/Foundation/Http/Kernel.php(142): Illuminate\\Pipeline\\Pipeline->then()
#46 /app/www/vendor/laravel/framework/src/Illuminate/Foundation/Http/Kernel.php(111): Illuminate\\Foundation\\Http\\Kernel->sendRequestThroughRouter()
#47 /app/www/public/index.php(55): Illuminate\\Foundation\\Http\\Kernel->handle()
#48 {main}
"} 
[2023-05-28 20:54:34] local.DEBUG: Get app triggered for: b1909932aac1c5510c044de0cb8c0f3ef049a250  
[2023-05-28 20:54:34] local.DEBUG: Download triggered for stdClass Object
(
    [appid] => b1909932aac1c5510c044de0cb8c0f3ef049a250
    [name] => WordPress
    [website] => https://wordpress.org
    [license] => GNU General Public License v2.0 only
    [description] => WordPress is open source software you can use to create a beautiful website, blog, or app.
    [enhanced] => 
    [tile_background] => dark
    [icon] => wordpress.svg
    [sha] => 0ef26137a5179a972debc881a49dae7fd9c0f61d
    [class] => \App\SupportedApps\WordPress\WordPress
)
  
[2023-05-28 21:02:55] local.DEBUG: Get app triggered for: 7209e12ecf01afc45db4ff41be3602a898cf77f8  
[2023-05-28 21:02:55] local.DEBUG: Download triggered for stdClass Object
(
    [appid] => 7209e12ecf01afc45db4ff41be3602a898cf77f8
    [name] => Medusa
    [website] => https://pymedusa.com
    [license] => GNU General Public License v3.0 only
    [description] => Medusa is an automatic Video Library Manager for TV Shows. It watches for new episodes of your favorite shows, and when they are posted it does its magic: automatic torrent/nzb searching, downloading, and processing at the qualities you want.
    [enhanced] => 
    [tile_background] => dark
    [icon] => medusa.png
    [sha] => 379b5569c0eb9802dc8f8f4bf6912f154dcefcf2
    [class] => \App\SupportedApps\Medusa\Medusa
)
  
[2023-05-28 21:03:00] local.ERROR: cURL error 6: Could not resolve host: appslist.heimdall.site (see https://curl.haxx.se/libcurl/c/libcurl-errors.html) for https://appslist.heimdall.site/files/379b5569c0eb9802dc8f8f4bf6912f154dcefcf2.zip {"exception":"[object] (GuzzleHttp\\Exception\\ConnectException(code: 0): cURL error 6: Could not resolve host: appslist.heimdall.site (see https://curl.haxx.se/libcurl/c/libcurl-errors.html) for https://appslist.heimdall.site/files/379b5569c0eb9802dc8f8f4bf6912f154dcefcf2.zip at /app/www/vendor/guzzlehttp/guzzle/src/Handler/CurlFactory.php:210)
[stacktrace]
#0 /app/www/vendor/guzzlehttp/guzzle/src/Handler/CurlFactory.php(158): GuzzleHttp\\Handler\\CurlFactory::createRejection()
#1 /app/www/vendor/guzzlehttp/guzzle/src/Handler/CurlFactory.php(110): GuzzleHttp\\Handler\\CurlFactory::finishError()
#2 /app/www/vendor/guzzlehttp/guzzle/src/Handler/CurlHandler.php(47): GuzzleHttp\\Handler\\CurlFactory::finish()
#3 /app/www/vendor/guzzlehttp/guzzle/src/Handler/Proxy.php(28): GuzzleHttp\\Handler\\CurlHandler->__invoke()
#4 /app/www/vendor/guzzlehttp/guzzle/src/Handler/Proxy.php(48): GuzzleHttp\\Handler\\Proxy::GuzzleHttp\\Handler\\{closure}()
#5 /app/www/vendor/guzzlehttp/guzzle/src/PrepareBodyMiddleware.php(35): GuzzleHttp\\Handler\\Proxy::GuzzleHttp\\Handler\\{closure}()
#6 /app/www/vendor/guzzlehttp/guzzle/src/Middleware.php(31): GuzzleHttp\\PrepareBodyMiddleware->__invoke()
#7 /app/www/vendor/guzzlehttp/guzzle/src/RedirectMiddleware.php(71): GuzzleHttp\\Middleware::GuzzleHttp\\{closure}()
#8 /app/www/vendor/guzzlehttp/guzzle/src/Middleware.php(61): GuzzleHttp\\RedirectMiddleware->__invoke()
#9 /app/www/vendor/guzzlehttp/guzzle/src/HandlerStack.php(75): GuzzleHttp\\Middleware::GuzzleHttp\\{closure}()
#10 /app/www/vendor/guzzlehttp/guzzle/src/Client.php(331): GuzzleHttp\\HandlerStack->__invoke()
#11 /app/www/vendor/guzzlehttp/guzzle/src/Client.php(168): GuzzleHttp\\Client->transfer()
#12 /app/www/vendor/guzzlehttp/guzzle/src/Client.php(187): GuzzleHttp\\Client->requestAsync()
#13 /app/www/app/SupportedApps.php(181): GuzzleHttp\\Client->request()
#14 /app/www/app/Application.php(161): App\\SupportedApps::getFiles()
#15 /app/www/app/Http/Controllers/ItemController.php(393): App\\Application::getApp()
#16 /app/www/vendor/laravel/framework/src/Illuminate/Routing/Controller.php(54): App\\Http\\Controllers\\ItemController->appload()
#17 /app/www/vendor/laravel/framework/src/Illuminate/Routing/ControllerDispatcher.php(45): Illuminate\\Routing\\Controller->callAction()
#18 /app/www/vendor/laravel/framework/src/Illuminate/Routing/Route.php(262): Illuminate\\Routing\\ControllerDispatcher->dispatch()
#19 /app/www/vendor/laravel/framework/src/Illuminate/Routing/Route.php(205): Illuminate\\Routing\\Route->runController()
#20 /app/www/vendor/laravel/framework/src/Illuminate/Routing/Router.php(721): Illuminate\\Routing\\Route->run()
#21 /app/www/vendor/laravel/framework/src/Illuminate/Pipeline/Pipeline.php(128): Illuminate\\Routing\\Router->Illuminate\\Routing\\{closure}()
#22 /app/www/app/Http/Middleware/CheckAllowed.php(44): Illuminate\\Pipeline\\Pipeline->Illuminate\\Pipeline\\{closure}()
#23 /app/www/vendor/laravel/framework/src/Illuminate/Pipeline/Pipeline.php(167): App\\Http\\Middleware\\CheckAllowed->handle()
#24 /app/www/app/Http/Controllers/Controller.php(22): Illuminate\\Pipeline\\Pipeline->Illuminate\\Pipeline\\{closure}()
#25 /app/www/vendor/laravel/framework/src/Illuminate/Pipeline/Pipeline.php(149): App\\Http\\Controllers\\Controller->App\\Http\\Controllers\\{closure}()
#26 /app/www/vendor/laravel/framework/src/Illuminate/Routing/Middleware/SubstituteBindings.php(50): Illuminate\\Pipeline\\Pipeline->Illuminate\\Pipeline\\{closure}()
#27 /app/www/vendor/laravel/framework/src/Illuminate/Pipeline/Pipeline.php(167): Illuminate\\Routing\\Middleware\\SubstituteBindings->handle()
#28 /app/www/vendor/laravel/framework/src/Illuminate/Foundation/Http/Middleware/VerifyCsrfToken.php(78): Illuminate\\Pipeline\\Pipeline->Illuminate\\Pipeline\\{closure}()
#29 /app/www/vendor/laravel/framework/src/Illuminate/Pipeline/Pipeline.php(167): Illuminate\\Foundation\\Http\\Middleware\\VerifyCsrfToken->handle()
#30 /app/www/vendor/laravel/framework/src/Illuminate/View/Middleware/ShareErrorsFromSession.php(49): Illuminate\\Pipeline\\Pipeline->Illuminate\\Pipeline\\{closure}()
#31 /app/www/vendor/laravel/framework/src/Illuminate/Pipeline/Pipeline.php(167): Illuminate\\View\\Middleware\\ShareErrorsFromSession->handle()
#32 /app/www/vendor/laravel/framework/src/Illuminate/Session/Middleware/StartSession.php(121): Illuminate\\Pipeline\\Pipeline->Illuminate\\Pipeline\\{closure}()
#33 /app/www/vendor/laravel/framework/src/Illuminate/Session/Middleware/StartSession.php(64): Illuminate\\Session\\Middleware\\StartSession->handleStatefulRequest()
#34 /app/www/vendor/laravel/framework/src/Illuminate/Pipeline/Pipeline.php(167): Illuminate\\Session\\Middleware\\StartSession->handle()
#35 /app/www/vendor/laravel/framework/src/Illuminate/Cookie/Middleware/AddQueuedCookiesToResponse.php(37): Illuminate\\Pipeline\\Pipeline->Illuminate\\Pipeline\\{closure}()
#36 /app/www/vendor/laravel/framework/src/Illuminate/Pipeline/Pipeline.php(167): Illuminate\\Cookie\\Middleware\\AddQueuedCookiesToResponse->handle()
#37 /app/www/vendor/laravel/framework/src/Illuminate/Cookie/Middleware/EncryptCookies.php(67): Illuminate\\Pipeline\\Pipeline->Illuminate\\Pipeline\\{closure}()
#38 /app/www/vendor/laravel/framework/src/Illuminate/Pipeline/Pipeline.php(167): Illuminate\\Cookie\\Middleware\\EncryptCookies->handle()
#39 /app/www/vendor/laravel/framework/src/Illuminate/Pipeline/Pipeline.php(103): Illuminate\\Pipeline\\Pipeline->Illuminate\\Pipeline\\{closure}()
#40 /app/www/vendor/laravel/framework/src/Illuminate/Routing/Router.php(723): Illuminate\\Pipeline\\Pipeline->then()
#41 /app/www/vendor/laravel/framework/src/Illuminate/Routing/Router.php(698): Illuminate\\Routing\\Router->runRouteWithinStack()
#42 /app/www/vendor/laravel/framework/src/Illuminate/Routing/Router.php(662): Illuminate\\Routing\\Router->runRoute()
#43 /app/www/vendor/laravel/framework/src/Illuminate/Routing/Router.php(651): Illuminate\\Routing\\Router->dispatchToRoute()
#44 /app/www/vendor/laravel/framework/src/Illuminate/Foundation/Http/Kernel.php(167): Illuminate\\Routing\\Router->dispatch()
#45 /app/www/vendor/laravel/framework/src/Illuminate/Pipeline/Pipeline.php(128): Illuminate\\Foundation\\Http\\Kernel->Illuminate\\Foundation\\Http\\{closure}()
#46 /app/www/vendor/fideloper/proxy/src/TrustProxies.php(57): Illuminate\\Pipeline\\Pipeline->Illuminate\\Pipeline\\{closure}()
#47 /app/www/vendor/laravel/framework/src/Illuminate/Pipeline/Pipeline.php(167): Fideloper\\Proxy\\TrustProxies->handle()
#48 /app/www/vendor/laravel/framework/src/Illuminate/Foundation/Http/Middleware/TransformsRequest.php(21): Illuminate\\Pipeline\\Pipeline->Illuminate\\Pipeline\\{closure}()
#49 /app/www/vendor/laravel/framework/src/Illuminate/Foundation/Http/Middleware/ConvertEmptyStringsToNull.php(31): Illuminate\\Foundation\\Http\\Middleware\\TransformsRequest->handle()
#50 /app/www/vendor/laravel/framework/src/Illuminate/Pipeline/Pipeline.php(167): Illuminate\\Foundation\\Http\\Middleware\\ConvertEmptyStringsToNull->handle()
#51 /app/www/vendor/laravel/framework/src/Illuminate/Foundation/Http/Middleware/TransformsRequest.php(21): Illuminate\\Pipeline\\Pipeline->Illuminate\\Pipeline\\{closure}()
#52 /app/www/vendor/laravel/framework/src/Illuminate/Foundation/Http/Middleware/TrimStrings.php(40): Illuminate\\Foundation\\Http\\Middleware\\TransformsRequest->handle()
#53 /app/www/vendor/laravel/framework/src/Illuminate/Pipeline/Pipeline.php(167): Illuminate\\Foundation\\Http\\Middleware\\TrimStrings->handle()
#54 /app/www/vendor/laravel/framework/src/Illuminate/Foundation/Http/Middleware/ValidatePostSize.php(27): Illuminate\\Pipeline\\Pipeline->Illuminate\\Pipeline\\{closure}()
#55 /app/www/vendor/laravel/framework/src/Illuminate/Pipeline/Pipeline.php(167): Illuminate\\Foundation\\Http\\Middleware\\ValidatePostSize->handle()
#56 /app/www/vendor/laravel/framework/src/Illuminate/Foundation/Http/Middleware/PreventRequestsDuringMaintenance.php(86): Illuminate\\Pipeline\\Pipeline->Illuminate\\Pipeline\\{closure}()
#57 /app/www/vendor/laravel/framework/src/Illuminate/Pipeline/Pipeline.php(167): Illuminate\\Foundation\\Http\\Middleware\\PreventRequestsDuringMaintenance->handle()
#58 /app/www/vendor/laravel/framework/src/Illuminate/Pipeline/Pipeline.php(103): Illuminate\\Pipeline\\Pipeline->Illuminate\\Pipeline\\{closure}()
#59 /app/www/vendor/laravel/framework/src/Illuminate/Foundation/Http/Kernel.php(142): Illuminate\\Pipeline\\Pipeline->then()
#60 /app/www/vendor/laravel/framework/src/Illuminate/Foundation/Http/Kernel.php(111): Illuminate\\Foundation\\Http\\Kernel->sendRequestThroughRouter()
#61 /app/www/public/index.php(55): Illuminate\\Foundation\\Http\\Kernel->handle()
#62 {main}
"} 
[2023-05-28 21:06:40] local.DEBUG: Get app triggered for: 060b3b99f88e96085b4a68e095bc9e3d1d91e1bc  
[2023-05-28 21:06:40] local.DEBUG: Download triggered for stdClass Object
(
    [appid] => 060b3b99f88e96085b4a68e095bc9e3d1d91e1bc
    [name] => Gitea
    [website] => https://gitea.io
    [license] => MIT License
    [description] => Gitea is a community managed fork of Gogs, lightweight code hosting solution written in Go and published under the MIT license.
    [enhanced] => 
    [tile_background] => dark
    [icon] => gitea.svg
    [sha] => 9367839859b83454562a0dedf6eaea46947122ec
    [class] => \App\SupportedApps\Gitea\Gitea
)
  
[2023-05-28 21:06:54] local.DEBUG: Get app triggered for: 07b796b3a10eaa8b6f485ed2379187a39400b459  
[2023-05-28 21:06:54] local.DEBUG: Download triggered for stdClass Object
(
    [appid] => 07b796b3a10eaa8b6f485ed2379187a39400b459
    [name] => Portainer
    [website] => https://portainer.io
    [license] => zlib License
    [description] => Portainer is a simple management solution for Docker. Easily manage your Docker hosts and Docker Swarm clusters via Portainer web user interface.
    [enhanced] => 1
    [tile_background] => dark
    [icon] => portainer.svg
    [sha] => 94a81b07f372894d0b6db212e2bb33681a1c839c
    [class] => \App\SupportedApps\Portainer\Portainer
)
  
